{
  "nbformat": 4,
  "nbformat_minor": 0,
  "metadata": {
    "colab": {
      "provenance": [],
      "authorship_tag": "ABX9TyOHI++Fh8bsmLnfuYrPpqPo",
      "include_colab_link": true
    },
    "kernelspec": {
      "name": "python3",
      "display_name": "Python 3"
    },
    "language_info": {
      "name": "python"
    }
  },
  "cells": [
    {
      "cell_type": "markdown",
      "metadata": {
        "id": "view-in-github",
        "colab_type": "text"
      },
      "source": [
        "<a href=\"https://colab.research.google.com/github/iallenmathew/NIDS/blob/main/NIDS\" target=\"_parent\"><img src=\"https://colab.research.google.com/assets/colab-badge.svg\" alt=\"Open In Colab\"/></a>"
      ]
    },
    {
      "cell_type": "code",
      "execution_count": null,
      "metadata": {
        "colab": {
          "base_uri": "https://localhost:8080/"
        },
        "id": "k5GzTbIQUl6g",
        "outputId": "733fc4b8-faf8-40cd-c480-3490159017c0"
      },
      "outputs": [
        {
          "output_type": "stream",
          "name": "stdout",
          "text": [
            "/content/IDS\n"
          ]
        }
      ],
      "source": [
        "cd IDS"
      ]
    },
    {
      "cell_type": "code",
      "source": [
        "!pip3 install -r requirements.txt"
      ],
      "metadata": {
        "colab": {
          "base_uri": "https://localhost:8080/"
        },
        "id": "P0Y32kxPeZ3j",
        "outputId": "5ea8e8bb-4040-42d3-d275-0b8ec7df9418"
      },
      "execution_count": null,
      "outputs": [
        {
          "output_type": "stream",
          "name": "stdout",
          "text": [
            "Collecting scapy (from -r requirements.txt (line 1))\n",
            "  Downloading scapy-2.6.1-py3-none-any.whl.metadata (5.6 kB)\n",
            "Collecting colorama (from -r requirements.txt (line 2))\n",
            "  Downloading colorama-0.4.6-py2.py3-none-any.whl.metadata (17 kB)\n",
            "Downloading scapy-2.6.1-py3-none-any.whl (2.4 MB)\n",
            "\u001b[2K   \u001b[90m━━━━━━━━━━━━━━━━━━━━━━━━━━━━━━━━━━━━━━━━\u001b[0m \u001b[32m2.4/2.4 MB\u001b[0m \u001b[31m24.7 MB/s\u001b[0m eta \u001b[36m0:00:00\u001b[0m\n",
            "\u001b[?25hDownloading colorama-0.4.6-py2.py3-none-any.whl (25 kB)\n",
            "Installing collected packages: scapy, colorama\n",
            "Successfully installed colorama-0.4.6 scapy-2.6.1\n"
          ]
        }
      ]
    },
    {
      "cell_type": "code",
      "source": [
        "!sudo apt-get update\n",
        "!sudo apt-get install libpcap-dev"
      ],
      "metadata": {
        "colab": {
          "base_uri": "https://localhost:8080/"
        },
        "id": "euZeo9m7fI6Q",
        "outputId": "8a9a13e5-4823-404b-c8a0-d3c2ff45cd57"
      },
      "execution_count": null,
      "outputs": [
        {
          "output_type": "stream",
          "name": "stdout",
          "text": [
            "\r0% [Working]\r            \rGet:1 http://security.ubuntu.com/ubuntu jammy-security InRelease [129 kB]\n",
            "\r0% [Connecting to archive.ubuntu.com (91.189.91.81)] [1 InRelease 0 B/129 kB 0%\r                                                                               \rHit:2 http://archive.ubuntu.com/ubuntu jammy InRelease\n",
            "\r0% [Waiting for headers] [1 InRelease 89.5 kB/129 kB 69%] [Connected to cloud.r\r                                                                               \rGet:3 http://archive.ubuntu.com/ubuntu jammy-updates InRelease [128 kB]\n",
            "\r0% [3 InRelease 15.6 kB/128 kB 12%] [1 InRelease 89.5 kB/129 kB 69%] [Connected\r0% [3 InRelease 30.1 kB/128 kB 24%] [Waiting for headers] [Connected to r2u.sta\r                                                                               \rGet:4 https://cloud.r-project.org/bin/linux/ubuntu jammy-cran40/ InRelease [3,632 B]\n",
            "\r0% [3 InRelease 59.1 kB/128 kB 46%] [4 InRelease 3,632 B/3,632 B 100%] [Waiting\r0% [3 InRelease 59.1 kB/128 kB 46%] [Waiting for headers] [Waiting for headers]\r0% [Waiting for headers] [Waiting for headers] [Connecting to ppa.launchpadcont\r                                                                               \rGet:5 http://archive.ubuntu.com/ubuntu jammy-backports InRelease [127 kB]\n",
            "Hit:6 https://r2u.stat.illinois.edu/ubuntu jammy InRelease\n",
            "Get:7 https://developer.download.nvidia.com/compute/cuda/repos/ubuntu2204/x86_64  InRelease [1,581 B]\n",
            "Get:8 https://ppa.launchpadcontent.net/deadsnakes/ppa/ubuntu jammy InRelease [18.1 kB]\n",
            "Get:9 https://ppa.launchpadcontent.net/graphics-drivers/ppa/ubuntu jammy InRelease [24.3 kB]\n",
            "Hit:10 https://ppa.launchpadcontent.net/ubuntugis/ppa/ubuntu jammy InRelease\n",
            "Get:11 https://developer.download.nvidia.com/compute/cuda/repos/ubuntu2204/x86_64  Packages [1,923 kB]\n",
            "Get:12 https://ppa.launchpadcontent.net/deadsnakes/ppa/ubuntu jammy/main amd64 Packages [32.9 kB]\n",
            "Get:13 https://ppa.launchpadcontent.net/graphics-drivers/ppa/ubuntu jammy/main amd64 Packages [36.0 kB]\n",
            "Fetched 2,424 kB in 2s (1,290 kB/s)\n",
            "Reading package lists... Done\n",
            "W: Skipping acquire of configured file 'main/source/Sources' as repository 'https://r2u.stat.illinois.edu/ubuntu jammy InRelease' does not seem to provide it (sources.list entry misspelt?)\n",
            "Reading package lists... Done\n",
            "Building dependency tree... Done\n",
            "Reading state information... Done\n",
            "The following additional packages will be installed:\n",
            "  libdbus-1-dev libpcap0.8 libpcap0.8-dev\n",
            "The following NEW packages will be installed:\n",
            "  libdbus-1-dev libpcap-dev libpcap0.8 libpcap0.8-dev\n",
            "0 upgraded, 4 newly installed, 0 to remove and 35 not upgraded.\n",
            "Need to get 607 kB of archives.\n",
            "After this operation, 2,238 kB of additional disk space will be used.\n",
            "Get:1 http://archive.ubuntu.com/ubuntu jammy-updates/main amd64 libpcap0.8 amd64 1.10.1-4ubuntu1.22.04.1 [145 kB]\n",
            "Get:2 http://archive.ubuntu.com/ubuntu jammy-updates/main amd64 libdbus-1-dev amd64 1.12.20-2ubuntu4.1 [188 kB]\n",
            "Get:3 http://archive.ubuntu.com/ubuntu jammy-updates/main amd64 libpcap0.8-dev amd64 1.10.1-4ubuntu1.22.04.1 [270 kB]\n",
            "Get:4 http://archive.ubuntu.com/ubuntu jammy-updates/main amd64 libpcap-dev amd64 1.10.1-4ubuntu1.22.04.1 [3,326 B]\n",
            "Fetched 607 kB in 0s (2,719 kB/s)\n",
            "debconf: unable to initialize frontend: Dialog\n",
            "debconf: (No usable dialog-like program is installed, so the dialog based frontend cannot be used. at /usr/share/perl5/Debconf/FrontEnd/Dialog.pm line 78, <> line 4.)\n",
            "debconf: falling back to frontend: Readline\n",
            "debconf: unable to initialize frontend: Readline\n",
            "debconf: (This frontend requires a controlling tty.)\n",
            "debconf: falling back to frontend: Teletype\n",
            "dpkg-preconfigure: unable to re-open stdin: \n",
            "Selecting previously unselected package libpcap0.8:amd64.\n",
            "(Reading database ... 126284 files and directories currently installed.)\n",
            "Preparing to unpack .../libpcap0.8_1.10.1-4ubuntu1.22.04.1_amd64.deb ...\n",
            "Unpacking libpcap0.8:amd64 (1.10.1-4ubuntu1.22.04.1) ...\n",
            "Selecting previously unselected package libdbus-1-dev:amd64.\n",
            "Preparing to unpack .../libdbus-1-dev_1.12.20-2ubuntu4.1_amd64.deb ...\n",
            "Unpacking libdbus-1-dev:amd64 (1.12.20-2ubuntu4.1) ...\n",
            "Selecting previously unselected package libpcap0.8-dev:amd64.\n",
            "Preparing to unpack .../libpcap0.8-dev_1.10.1-4ubuntu1.22.04.1_amd64.deb ...\n",
            "Unpacking libpcap0.8-dev:amd64 (1.10.1-4ubuntu1.22.04.1) ...\n",
            "Selecting previously unselected package libpcap-dev:amd64.\n",
            "Preparing to unpack .../libpcap-dev_1.10.1-4ubuntu1.22.04.1_amd64.deb ...\n",
            "Unpacking libpcap-dev:amd64 (1.10.1-4ubuntu1.22.04.1) ...\n",
            "Setting up libpcap0.8:amd64 (1.10.1-4ubuntu1.22.04.1) ...\n",
            "Setting up libdbus-1-dev:amd64 (1.12.20-2ubuntu4.1) ...\n",
            "Setting up libpcap0.8-dev:amd64 (1.10.1-4ubuntu1.22.04.1) ...\n",
            "Setting up libpcap-dev:amd64 (1.10.1-4ubuntu1.22.04.1) ...\n",
            "Processing triggers for man-db (2.10.2-1) ...\n",
            "Processing triggers for libc-bin (2.35-0ubuntu3.8) ...\n",
            "/sbin/ldconfig.real: /usr/local/lib/libtbbbind_2_0.so.3 is not a symbolic link\n",
            "\n",
            "/sbin/ldconfig.real: /usr/local/lib/libur_adapter_level_zero.so.0 is not a symbolic link\n",
            "\n",
            "/sbin/ldconfig.real: /usr/local/lib/libur_adapter_opencl.so.0 is not a symbolic link\n",
            "\n",
            "/sbin/ldconfig.real: /usr/local/lib/libur_adapter_level_zero_v2.so.0 is not a symbolic link\n",
            "\n",
            "/sbin/ldconfig.real: /usr/local/lib/libtbbmalloc.so.2 is not a symbolic link\n",
            "\n",
            "/sbin/ldconfig.real: /usr/local/lib/libtbb.so.12 is not a symbolic link\n",
            "\n",
            "/sbin/ldconfig.real: /usr/local/lib/libtcm_debug.so.1 is not a symbolic link\n",
            "\n",
            "/sbin/ldconfig.real: /usr/local/lib/libur_loader.so.0 is not a symbolic link\n",
            "\n",
            "/sbin/ldconfig.real: /usr/local/lib/libhwloc.so.15 is not a symbolic link\n",
            "\n",
            "/sbin/ldconfig.real: /usr/local/lib/libtcm.so.1 is not a symbolic link\n",
            "\n",
            "/sbin/ldconfig.real: /usr/local/lib/libtbbmalloc_proxy.so.2 is not a symbolic link\n",
            "\n",
            "/sbin/ldconfig.real: /usr/local/lib/libumf.so.0 is not a symbolic link\n",
            "\n",
            "/sbin/ldconfig.real: /usr/local/lib/libtbbbind.so.3 is not a symbolic link\n",
            "\n",
            "/sbin/ldconfig.real: /usr/local/lib/libtbbbind_2_5.so.3 is not a symbolic link\n",
            "\n"
          ]
        }
      ]
    },
    {
      "cell_type": "code",
      "source": [
        "!sudo python3 main.py --live eth0"
      ],
      "metadata": {
        "colab": {
          "base_uri": "https://localhost:8080/"
        },
        "id": "Xc1mJJfIegJI",
        "outputId": "28ae789d-7792-46d7-8dbc-c2dae5e93cd6"
      },
      "execution_count": null,
      "outputs": [
        {
          "output_type": "stream",
          "name": "stdout",
          "text": [
            "\n",
            "       █████╗ ███████╗ █████╗ ██████╗     ██╗██████╗ ███████╗\n",
            "      ██╔══██╗██╔════╝██╔══██╗██╔══██╗    ██║██╔══██╗██╔════╝\n",
            "      ███████║███████╗███████║██████╔╝    ██║██║  ██║███████╗\n",
            "      ██╔══██║╚════██║██╔══██║██╔═══╝     ██║██║  ██║╚════██║\n",
            "      ██║  ██║███████║██║  ██║██║         ██║██████╔╝███████║\n",
            "      ╚═╝  ╚═╝╚══════╝╚═╝  ╚═╝╚═╝         ╚═╝╚═════╝ ╚══════╝\n",
            "    \u001b[0m\n",
            "\u001b[0m[*] Signatures loaded: 3\u001b[0m\n",
            "\u001b[0m[*] Start sniffing\u001b[0m\n",
            "\u001b[0m[*] Start analyzing\u001b[0m\n",
            "\u001b[0m[*] Sniffer listening on eth0 (filter: ip)\u001b[0m\n",
            "\u001b[31m\u001b[1m[!!] Intrusion detected: SYN Flood (simple) ~> Ether / IP / TCP 127.0.0.1:61939 > 127.0.0.1:80 S\u001b[0m\n",
            "\u001b[0m\u001b[31m\u001b[1m[!!] Intrusion detected: ICMP Echo Request (ping) ~> Ether / IP / ICMP 127.0.0.1 > 127.0.0.1 echo-request 0\u001b[0m\n",
            "\u001b[0m\u001b[31m\u001b[1m[!!] Intrusion detected: SYN Flood (simple) ~> Ether / IP / TCP 127.0.0.1:17882 > 127.0.0.1:80 S / Raw\u001b[0m\n",
            "Process Analyzer-2:\n",
            "\u001b[0mTraceback (most recent call last):\n",
            "\u001b[0m\u001b[0m  File \"/usr/lib/python3.11/multiprocessing/process.py\", line 314, in _bootstrap\n",
            "    self.run()\n",
            "\u001b[0m\u001b[0m  File \"/content/IDS/analyzer.py\", line 144, in run\n",
            "    pkt = Ether(data)\n",
            "          ^^^^^^^^^^^\n",
            "\u001b[0m\u001b[0m  File \"/usr/local/lib/python3.11/dist-packages/scapy/base_classes.py\", line 481, in __call__\n",
            "    i.__init__(*args, **kargs)\n",
            "\u001b[0m\u001b[0m  File \"/usr/local/lib/python3.11/dist-packages/scapy/packet.py\", line 186, in __init__\n",
            "    self.dissect(_pkt)\n",
            "\u001b[0m\u001b[0m  File \"/usr/local/lib/python3.11/dist-packages/scapy/packet.py\", line 1089, in dissect\n",
            "    self.do_dissect_payload(payl)\n",
            "\u001b[0m\u001b[0m  File \"/usr/local/lib/python3.11/dist-packages/scapy/packet.py\", line 1059, in do_dissect_payload\n",
            "    p = cls(\n",
            "        ^^^^\n",
            "\u001b[0m\u001b[0m  File \"/usr/local/lib/python3.11/dist-packages/scapy/base_classes.py\", line 481, in __call__\n",
            "    i.__init__(*args, **kargs)\n",
            "\u001b[0m\u001b[0m  File \"/usr/local/lib/python3.11/dist-packages/scapy/packet.py\", line 186, in __init__\n",
            "    self.dissect(_pkt)\n",
            "\u001b[0m\u001b[0m  File \"/usr/local/lib/python3.11/dist-packages/scapy/packet.py\", line 1089, in dissect\n",
            "    self.do_dissect_payload(payl)\n",
            "\u001b[0m\u001b[0m  File \"/usr/local/lib/python3.11/dist-packages/scapy/packet.py\", line 1059, in do_dissect_payload\n",
            "    p = cls(\n",
            "        ^^^^\n",
            "\u001b[0m\u001b[0m  File \"/usr/local/lib/python3.11/dist-packages/scapy/base_classes.py\", line 481, in __call__\n",
            "    i.__init__(*args, **kargs)\n",
            "\u001b[0m\u001b[0m  File \"/usr/local/lib/python3.11/dist-packages/scapy/packet.py\", line 169, in __init__\n",
            "    self.payload = NoPayload()  # type: Packet\n",
            "                   ^^^^^^^^^^^\n",
            "\u001b[0m\u001b[0m  File \"/usr/local/lib/python3.11/dist-packages/scapy/base_classes.py\", line 475, in __call__\n",
            "    i = cls.__new__(\n",
            "        ^^^^^^^^^^^^\n",
            "\u001b[0m\u001b[0m  File \"/usr/local/lib/python3.11/dist-packages/scapy/packet.py\", line 1795, in __new__\n",
            "    def __new__(cls, *args, **kargs):\n",
            "    \n",
            "\u001b[0m\u001b[0mKeyboardInterrupt\n",
            "\u001b[0m\u001b[0m\u001b[0m\u001b[0m[*] Bye\u001b[0m\n",
            "\u001b[0m\u001b[0mTraceback (most recent call last):\n",
            "\u001b[0m\u001b[0m  File \"/content/IDS/main.py\", line 23, in run_live\n",
            "\u001b[0m\u001b[0m    \u001b[0mtime.sleep(1)\u001b[0m\n",
            "\u001b[0m\u001b[0mKeyboardInterrupt\u001b[0m\u001b[0m\n",
            "\u001b[0m\u001b[0m\n",
            "\u001b[0m\u001b[0mDuring handling of the above exception, another exception occurred:\n",
            "\u001b[0m\u001b[0m\n",
            "\u001b[0m\u001b[0mTraceback (most recent call last):\n",
            "\u001b[0m\u001b[0m  File \"/content/IDS/main.py\", line 96, in <module>\n",
            "\u001b[0m\u001b[0m    \u001b[0mmain()\u001b[0m\n",
            "\u001b[0m\u001b[0m  File \"/content/IDS/main.py\", line 89, in main\n",
            "\u001b[0m\u001b[0m    \u001b[0mrun_live(args.live, args.sigs, args.show)\u001b[0m\n",
            "\u001b[0m\u001b[0m  File \"/content/IDS/main.py\", line 25, in run_live\n",
            "\u001b[0m\u001b[0m    \u001b[0mprint_info(\"[*] Stopping IDS\")\u001b[0m\n",
            "\u001b[0m\u001b[0m  File \"/content/IDS/utils.py\", line 44, in print_info\n",
            "\u001b[0m\u001b[0m    \u001b[0mprint(text)\u001b[0m\n",
            "\u001b[0m\u001b[0mKeyboardInterrupt\u001b[0m\u001b[0m\n",
            "\u001b[0m\u001b[0m^C\n"
          ]
        }
      ]
    },
    {
      "cell_type": "code",
      "source": [],
      "metadata": {
        "id": "cz3BQ_vGfp55"
      },
      "execution_count": null,
      "outputs": []
    }
  ]
}